# JRE version: OpenJDK Runtime Environment (8.0_242-b01) (build 1.8.0_242-release-1644-b01)
# Java VM: OpenJDK 64-Bit Server VM (25.242-b01 mixed mode windows-amd64 compressed oops)
Heap:
 PSYoungGen      total 232960K, used 105485K [0x00000000d5580000, 0x00000000e8280000, 0x0000000100000000)
  eden space 218112K, 48% used [0x00000000d5580000,0x00000000dbc83548,0x00000000e2a80000)
  from space 14848K, 0% used [0x00000000e2a80000,0x00000000e2a80000,0x00000000e3900000)
  to   space 21504K, 0% used [0x00000000e6d80000,0x00000000e6d80000,0x00000000e8280000)
 ParOldGen       total 179712K, used 40872K [0x0000000080000000, 0x000000008af80000, 0x00000000d5580000)
  object space 179712K, 22% used [0x0000000080000000,0x00000000827ea378,0x000000008af80000)
 Metaspace       used 62469K, capacity 64744K, committed 64792K, reserved 1105920K
  class space    used 8498K, capacity 9002K, committed 9008K, reserved 1048576K
GC Heap History (10 events):
Event: 4.398 GC heap before
{Heap before GC invocations=8 (full 1):
 PSYoungGen      total 133120K, used 62831K [0x00000000d5580000, 0x00000000de400000, 0x0000000100000000)
  eden space 121344K, 44% used [0x00000000d5580000,0x00000000d89f49f8,0x00000000dcc00000)
  from space 11776K, 77% used [0x00000000dd880000,0x00000000de167350,0x00000000de400000)
  to   space 12288K, 0% used [0x00000000dcc00000,0x00000000dcc00000,0x00000000dd800000)
 ParOldGen       total 82432K, used 7306K [0x0000000080000000, 0x0000000085080000, 0x00000000d5580000)
  object space 82432K, 8% used [0x0000000080000000,0x0000000080722a68,0x0000000085080000)
 Metaspace       used 34562K, capacity 35396K, committed 35496K, reserved 1079296K
  class space    used 4745K, capacity 4971K, committed 5040K, reserved 1048576K
Event: 4.420 GC heap after
Heap after GC invocations=8 (full 1):
 PSYoungGen      total 133632K, used 9538K [0x00000000d5580000, 0x00000000e4780000, 0x0000000100000000)
  eden space 121344K, 0% used [0x00000000d5580000,0x00000000d5580000,0x00000000dcc00000)
  from space 12288K, 77% used [0x00000000dcc00000,0x00000000dd550848,0x00000000dd800000)
  to   space 12288K, 0% used [0x00000000e3b80000,0x00000000e3b80000,0x00000000e4780000)
 ParOldGen       total 82432K, used 7314K [0x0000000080000000, 0x0000000085080000, 0x00000000d5580000)
  object space 82432K, 8% used [0x0000000080000000,0x0000000080724a68,0x0000000085080000)
 Metaspace       used 34562K, capacity 35396K, committed 35496K, reserved 1079296K
  class space    used 4745K, capacity 4971K, committed 5040K, reserved 1048576K
}
Event: 4.420 GC heap before
{Heap before GC invocations=9 (full 2):
 PSYoungGen      total 133632K, used 9538K [0x00000000d5580000, 0x00000000e4780000, 0x0000000100000000)
  eden space 121344K, 0% used [0x00000000d5580000,0x00000000d5580000,0x00000000dcc00000)
  from space 12288K, 77% used [0x00000000dcc00000,0x00000000dd550848,0x00000000dd800000)
  to   space 12288K, 0% used [0x00000000e3b80000,0x00000000e3b80000,0x00000000e4780000)
 ParOldGen       total 82432K, used 7314K [0x0000000080000000, 0x0000000085080000, 0x00000000d5580000)
  object space 82432K, 8% used [0x0000000080000000,0x0000000080724a68,0x0000000085080000)
 Metaspace       used 34562K, capacity 35396K, committed 35496K, reserved 1079296K
  class space    used 4745K, capacity 4971K, committed 5040K, reserved 1048576K
Event: 4.483 GC heap after
Heap after GC invocations=9 (full 2):
 PSYoungGen      total 133632K, used 0K [0x00000000d5580000, 0x00000000e4780000, 0x0000000100000000)
  eden space 121344K, 0% used [0x00000000d5580000,0x00000000d5580000,0x00000000dcc00000)
  from space 12288K, 0% used [0x00000000dcc00000,0x00000000dcc00000,0x00000000dd800000)
  to   space 12288K, 0% used [0x00000000e3b80000,0x00000000e3b80000,0x00000000e4780000)
 ParOldGen       total 115200K, used 16186K [0x0000000080000000, 0x0000000087080000, 0x00000000d5580000)
  object space 115200K, 14% used [0x0000000080000000,0x0000000080fcebe0,0x0000000087080000)
 Metaspace       used 34562K, capacity 35396K, committed 35496K, reserved 1079296K
  class space    used 4745K, capacity 4971K, committed 5040K, reserved 1048576K
}
Event: 6.072 GC heap before
{Heap before GC invocations=10 (full 2):
 PSYoungGen      total 133632K, used 121344K [0x00000000d5580000, 0x00000000e4780000, 0x0000000100000000)
  eden space 121344K, 100% used [0x00000000d5580000,0x00000000dcc00000,0x00000000dcc00000)
  from space 12288K, 0% used [0x00000000dcc00000,0x00000000dcc00000,0x00000000dd800000)
  to   space 12288K, 0% used [0x00000000e3b80000,0x00000000e3b80000,0x00000000e4780000)
 ParOldGen       total 115200K, used 16186K [0x0000000080000000, 0x0000000087080000, 0x00000000d5580000)
  object space 115200K, 14% used [0x0000000080000000,0x0000000080fcebe0,0x0000000087080000)
 Metaspace       used 44469K, capacity 45996K, committed 46128K, reserved 1089536K
  class space    used 6012K, capacity 6362K, committed 6448K, reserved 1048576K
Event: 6.086 GC heap after
Heap after GC invocations=10 (full 2):
 PSYoungGen      total 209408K, used 12285K [0x00000000d5580000, 0x00000000e4780000, 0x0000000100000000)
  eden space 197120K, 0% used [0x00000000d5580000,0x00000000d5580000,0x00000000e1600000)
  from space 12288K, 99% used [0x00000000e3b80000,0x00000000e477f720,0x00000000e4780000)
  to   space 14848K, 0% used [0x00000000e2a80000,0x00000000e2a80000,0x00000000e3900000)
 ParOldGen       total 115200K, used 19239K [0x0000000080000000, 0x0000000087080000, 0x00000000d5580000)
  object space 115200K, 16% used [0x0000000080000000,0x00000000812c9fd8,0x0000000087080000)
 Metaspace       used 44469K, capacity 45996K, committed 46128K, reserved 1089536K
  class space    used 6012K, capacity 6362K, committed 6448K, reserved 1048576K
}
Event: 9.415 GC heap before
{Heap before GC invocations=11 (full 2):
 PSYoungGen      total 209408K, used 187070K [0x00000000d5580000, 0x00000000e4780000, 0x0000000100000000)
  eden space 197120K, 88% used [0x00000000d5580000,0x00000000e0030328,0x00000000e1600000)
  from space 12288K, 99% used [0x00000000e3b80000,0x00000000e477f720,0x00000000e4780000)
  to   space 14848K, 0% used [0x00000000e2a80000,0x00000000e2a80000,0x00000000e3900000)
 ParOldGen       total 115200K, used 19239K [0x0000000080000000, 0x0000000087080000, 0x00000000d5580000)
  object space 115200K, 16% used [0x0000000080000000,0x00000000812c9fd8,0x0000000087080000)
 Metaspace       used 57010K, capacity 59122K, committed 59160K, reserved 1099776K
  class space    used 7720K, capacity 8229K, committed 8240K, reserved 1048576K
Event: 9.449 GC heap after
Heap after GC invocations=11 (full 2):
 PSYoungGen      total 232960K, used 14816K [0x00000000d5580000, 0x00000000e8280000, 0x0000000100000000)
  eden space 218112K, 0% used [0x00000000d5580000,0x00000000d5580000,0x00000000e2a80000)
  from space 14848K, 99% used [0x00000000e2a80000,0x00000000e38f8030,0x00000000e3900000)
  to   space 21504K, 0% used [0x00000000e6d80000,0x00000000e6d80000,0x00000000e8280000)
 ParOldGen       total 115200K, used 32898K [0x0000000080000000, 0x0000000087080000, 0x00000000d5580000)
  object space 115200K, 28% used [0x0000000080000000,0x0000000082020a30,0x0000000087080000)
 Metaspace       used 57010K, capacity 59122K, committed 59160K, reserved 1099776K
  class space    used 7720K, capacity 8229K, committed 8240K, reserved 1048576K
}
Event: 9.449 GC heap before
{Heap before GC invocations=12 (full 3):
 PSYoungGen      total 232960K, used 14816K [0x00000000d5580000, 0x00000000e8280000, 0x0000000100000000)
  eden space 218112K, 0% used [0x00000000d5580000,0x00000000d5580000,0x00000000e2a80000)
  from space 14848K, 99% used [0x00000000e2a80000,0x00000000e38f8030,0x00000000e3900000)
  to   space 21504K, 0% used [0x00000000e6d80000,0x00000000e6d80000,0x00000000e8280000)
 ParOldGen       total 115200K, used 32898K [0x0000000080000000, 0x0000000087080000, 0x00000000d5580000)
  object space 115200K, 28% used [0x0000000080000000,0x0000000082020a30,0x0000000087080000)
 Metaspace       used 57010K, capacity 59122K, committed 59160K, reserved 1099776K
  class space    used 7720K, capacity 8229K, committed 8240K, reserved 1048576K
Event: 9.869 GC heap after
Heap after GC invocations=12 (full 3):
 PSYoungGen      total 232960K, used 0K [0x00000000d5580000, 0x00000000e8280000, 0x0000000100000000)
  eden space 218112K, 0% used [0x00000000d5580000,0x00000000d5580000,0x00000000e2a80000)
  from space 14848K, 0% used [0x00000000e2a80000,0x00000000e2a80000,0x00000000e3900000)
  to   space 21504K, 0% used [0x00000000e6d80000,0x00000000e6d80000,0x00000000e8280000)
 ParOldGen       total 179712K, used 40872K [0x0000000080000000, 0x000000008af80000, 0x00000000d5580000)
  object space 179712K, 22% used [0x0000000080000000,0x00000000827ea378,0x000000008af80000)
 Metaspace       used 56985K, capacity 59038K, committed 59160K, reserved 1099776K
  class space    used 7713K, capacity 8215K, committed 8240K, reserved 1048576K
}

