# JRE version: OpenJDK Runtime Environment (8.0_242-b01) (build 1.8.0_242-release-1644-b01)
# Java VM: OpenJDK 64-Bit Server VM (25.242-b01 mixed mode windows-amd64 compressed oops)
Heap:
 PSYoungGen      total 531968K, used 145710K [0x00000000d5580000, 0x0000000100000000, 0x0000000100000000)
  eden space 467456K, 17% used [0x00000000d5580000,0x00000000da4ce938,0x00000000f1e00000)
  from space 64512K, 99% used [0x00000000fc100000,0x00000000ffffd218,0x0000000100000000)
  to   space 115712K, 0% used [0x00000000f1e00000,0x00000000f1e00000,0x00000000f8f00000)
 ParOldGen       total 347648K, used 214047K [0x0000000080000000, 0x0000000095380000, 0x00000000d5580000)
  object space 347648K, 61% used [0x0000000080000000,0x000000008d107fe8,0x0000000095380000)
 Metaspace       used 113800K, capacity 119694K, committed 119960K, reserved 1153024K
  class space    used 15043K, capacity 16251K, committed 16304K, reserved 1048576K
GC Heap History (10 events):
Event: 52.995 GC heap before
{Heap before GC invocations=12 (full 3):
 PSYoungGen      total 498688K, used 498656K [0x00000000d5580000, 0x00000000faa00000, 0x0000000100000000)
  eden space 470528K, 100% used [0x00000000d5580000,0x00000000f2100000,0x00000000f2100000)
  from space 28160K, 99% used [0x00000000f8e80000,0x00000000fa9f8080,0x00000000faa00000)
  to   space 34304K, 0% used [0x00000000f6700000,0x00000000f6700000,0x00000000f8880000)
 ParOldGen       total 218624K, used 37401K [0x0000000080000000, 0x000000008d580000, 0x00000000d5580000)
  object space 218624K, 17% used [0x0000000080000000,0x00000000824866a0,0x000000008d580000)
 Metaspace       used 79097K, capacity 82486K, committed 82584K, reserved 1120256K
  class space    used 10658K, capacity 11359K, committed 11440K, reserved 1048576K
Event: 53.037 GC heap after
Heap after GC invocations=12 (full 3):
 PSYoungGen      total 576512K, used 34277K [0x00000000d5580000, 0x00000000fd100000, 0x0000000100000000)
  eden space 542208K, 0% used [0x00000000d5580000,0x00000000d5580000,0x00000000f6700000)
  from space 34304K, 99% used [0x00000000f6700000,0x00000000f8879688,0x00000000f8880000)
  to   space 46080K, 0% used [0x00000000fa400000,0x00000000fa400000,0x00000000fd100000)
 ParOldGen       total 218624K, used 54078K [0x0000000080000000, 0x000000008d580000, 0x00000000d5580000)
  object space 218624K, 24% used [0x0000000080000000,0x00000000834cf9a0,0x000000008d580000)
 Metaspace       used 79097K, capacity 82486K, committed 82584K, reserved 1120256K
  class space    used 10658K, capacity 11359K, committed 11440K, reserved 1048576K
}
Event: 57.581 GC heap before
{Heap before GC invocations=13 (full 3):
 PSYoungGen      total 576512K, used 181157K [0x00000000d5580000, 0x00000000fd100000, 0x0000000100000000)
  eden space 542208K, 27% used [0x00000000d5580000,0x00000000de4efe28,0x00000000f6700000)
  from space 34304K, 99% used [0x00000000f6700000,0x00000000f8879688,0x00000000f8880000)
  to   space 46080K, 0% used [0x00000000fa400000,0x00000000fa400000,0x00000000fd100000)
 ParOldGen       total 218624K, used 54078K [0x0000000080000000, 0x000000008d580000, 0x00000000d5580000)
  object space 218624K, 24% used [0x0000000080000000,0x00000000834cf9a0,0x000000008d580000)
 Metaspace       used 94878K, capacity 98412K, committed 98600K, reserved 1134592K
  class space    used 12337K, capacity 13140K, committed 13232K, reserved 1048576K
Event: 57.624 GC heap after
Heap after GC invocations=13 (full 3):
 PSYoungGen      total 600576K, used 38114K [0x00000000d5580000, 0x0000000100000000, 0x0000000100000000)
  eden space 554496K, 0% used [0x00000000d5580000,0x00000000d5580000,0x00000000f7300000)
  from space 46080K, 82% used [0x00000000fa400000,0x00000000fc938bd0,0x00000000fd100000)
  to   space 50176K, 0% used [0x00000000f7300000,0x00000000f7300000,0x00000000fa400000)
 ParOldGen       total 218624K, used 72873K [0x0000000080000000, 0x000000008d580000, 0x00000000d5580000)
  object space 218624K, 33% used [0x0000000080000000,0x000000008472a458,0x000000008d580000)
 Metaspace       used 94878K, capacity 98412K, committed 98600K, reserved 1134592K
  class space    used 12337K, capacity 13140K, committed 13232K, reserved 1048576K
}
Event: 57.624 GC heap before
{Heap before GC invocations=14 (full 4):
 PSYoungGen      total 600576K, used 38114K [0x00000000d5580000, 0x0000000100000000, 0x0000000100000000)
  eden space 554496K, 0% used [0x00000000d5580000,0x00000000d5580000,0x00000000f7300000)
  from space 46080K, 82% used [0x00000000fa400000,0x00000000fc938bd0,0x00000000fd100000)
  to   space 50176K, 0% used [0x00000000f7300000,0x00000000f7300000,0x00000000fa400000)
 ParOldGen       total 218624K, used 72873K [0x0000000080000000, 0x000000008d580000, 0x00000000d5580000)
  object space 218624K, 33% used [0x0000000080000000,0x000000008472a458,0x000000008d580000)
 Metaspace       used 94878K, capacity 98412K, committed 98600K, reserved 1134592K
  class space    used 12337K, capacity 13140K, committed 13232K, reserved 1048576K
Event: 57.888 GC heap after
Heap after GC invocations=14 (full 4):
 PSYoungGen      total 600576K, used 0K [0x00000000d5580000, 0x0000000100000000, 0x0000000100000000)
  eden space 554496K, 0% used [0x00000000d5580000,0x00000000d5580000,0x00000000f7300000)
  from space 46080K, 0% used [0x00000000fa400000,0x00000000fa400000,0x00000000fd100000)
  to   space 50176K, 0% used [0x00000000f7300000,0x00000000f7300000,0x00000000fa400000)
 ParOldGen       total 347648K, used 85656K [0x0000000080000000, 0x0000000095380000, 0x00000000d5580000)
  object space 347648K, 24% used [0x0000000080000000,0x00000000853a6090,0x0000000095380000)
 Metaspace       used 94665K, capacity 97776K, committed 98600K, reserved 1134592K
  class space    used 12269K, capacity 13020K, committed 13232K, reserved 1048576K
}
Event: 76.496 GC heap before
{Heap before GC invocations=15 (full 4):
 PSYoungGen      total 600576K, used 554496K [0x00000000d5580000, 0x0000000100000000, 0x0000000100000000)
  eden space 554496K, 100% used [0x00000000d5580000,0x00000000f7300000,0x00000000f7300000)
  from space 46080K, 0% used [0x00000000fa400000,0x00000000fa400000,0x00000000fd100000)
  to   space 50176K, 0% used [0x00000000f7300000,0x00000000f7300000,0x00000000fa400000)
 ParOldGen       total 347648K, used 85656K [0x0000000080000000, 0x0000000095380000, 0x00000000d5580000)
  object space 347648K, 24% used [0x0000000080000000,0x00000000853a6090,0x0000000095380000)
 Metaspace       used 104162K, capacity 108754K, committed 109080K, reserved 1144832K
  class space    used 13591K, capacity 14513K, committed 14640K, reserved 1048576K
Event: 76.571 GC heap after
Heap after GC invocations=15 (full 4):
 PSYoungGen      total 604672K, used 50150K [0x00000000d5580000, 0x0000000100000000, 0x0000000100000000)
  eden space 554496K, 0% used [0x00000000d5580000,0x00000000d5580000,0x00000000f7300000)
  from space 50176K, 99% used [0x00000000f7300000,0x00000000fa3f9b28,0x00000000fa400000)
  to   space 64512K, 0% used [0x00000000fc100000,0x00000000fc100000,0x0000000100000000)
 ParOldGen       total 347648K, used 103049K [0x0000000080000000, 0x0000000095380000, 0x00000000d5580000)
  object space 347648K, 29% used [0x0000000080000000,0x00000000864a2568,0x0000000095380000)
 Metaspace       used 104162K, capacity 108754K, committed 109080K, reserved 1144832K
  class space    used 13591K, capacity 14513K, committed 14640K, reserved 1048576K
}
Event: 85.679 GC heap before
{Heap before GC invocations=16 (full 4):
 PSYoungGen      total 604672K, used 604646K [0x00000000d5580000, 0x0000000100000000, 0x0000000100000000)
  eden space 554496K, 100% used [0x00000000d5580000,0x00000000f7300000,0x00000000f7300000)
  from space 50176K, 99% used [0x00000000f7300000,0x00000000fa3f9b28,0x00000000fa400000)
  to   space 64512K, 0% used [0x00000000fc100000,0x00000000fc100000,0x0000000100000000)
 ParOldGen       total 347648K, used 103049K [0x0000000080000000, 0x0000000095380000, 0x00000000d5580000)
  object space 347648K, 29% used [0x0000000080000000,0x00000000864a2568,0x0000000095380000)
 Metaspace       used 113743K, capacity 119694K, committed 119960K, reserved 1153024K
  class space    used 15043K, capacity 16251K, committed 16304K, reserved 1048576K
Event: 85.834 GC heap after
Heap after GC invocations=16 (full 4):
 PSYoungGen      total 531968K, used 64500K [0x00000000d5580000, 0x0000000100000000, 0x0000000100000000)
  eden space 467456K, 0% used [0x00000000d5580000,0x00000000d5580000,0x00000000f1e00000)
  from space 64512K, 99% used [0x00000000fc100000,0x00000000ffffd218,0x0000000100000000)
  to   space 115712K, 0% used [0x00000000f1e00000,0x00000000f1e00000,0x00000000f8f00000)
 ParOldGen       total 347648K, used 214047K [0x0000000080000000, 0x0000000095380000, 0x00000000d5580000)
  object space 347648K, 61% used [0x0000000080000000,0x000000008d107fe8,0x0000000095380000)
 Metaspace       used 113743K, capacity 119694K, committed 119960K, reserved 1153024K
  class space    used 15043K, capacity 16251K, committed 16304K, reserved 1048576K
}

