# JRE version: OpenJDK Runtime Environment (8.0_242-b01) (build 1.8.0_242-release-1644-b01)
# Java VM: OpenJDK 64-Bit Server VM (25.242-b01 mixed mode windows-amd64 compressed oops)
Heap:
 PSYoungGen      total 364032K, used 292509K [0x00000000d5580000, 0x00000000edf00000, 0x0000000100000000)
  eden space 338432K, 86% used [0x00000000d5580000,0x00000000e73274e0,0x00000000ea000000)
  from space 25600K, 0% used [0x00000000ec600000,0x00000000ec600000,0x00000000edf00000)
  to   space 32256K, 0% used [0x00000000ea000000,0x00000000ea000000,0x00000000ebf80000)
 ParOldGen       total 302592K, used 81235K [0x0000000080000000, 0x0000000092780000, 0x00000000d5580000)
  object space 302592K, 26% used [0x0000000080000000,0x0000000084f54eb0,0x0000000092780000)
 Metaspace       used 96257K, capacity 100826K, committed 101656K, reserved 1136640K
  class space    used 12706K, capacity 13689K, committed 13864K, reserved 1048576K
GC Heap History (10 events):
Event: 202.841 GC heap before
{Heap before GC invocations=14 (full 3):
 PSYoungGen      total 274944K, used 254976K [0x00000000d5580000, 0x00000000e7a80000, 0x0000000100000000)
  eden space 254976K, 100% used [0x00000000d5580000,0x00000000e4e80000,0x00000000e4e80000)
  from space 19968K, 0% used [0x00000000e6180000,0x00000000e6180000,0x00000000e7500000)
  to   space 19456K, 0% used [0x00000000e4e80000,0x00000000e4e80000,0x00000000e6180000)
 ParOldGen       total 193024K, used 45536K [0x0000000080000000, 0x000000008bc80000, 0x00000000d5580000)
  object space 193024K, 23% used [0x0000000080000000,0x0000000082c781d8,0x000000008bc80000)
 Metaspace       used 68259K, capacity 71714K, committed 71832K, reserved 1112064K
  class space    used 9382K, capacity 10079K, committed 10152K, reserved 1048576K
Event: 202.861 GC heap after
Heap after GC invocations=14 (full 3):
 PSYoungGen      total 274432K, used 19446K [0x00000000d5580000, 0x00000000eab00000, 0x0000000100000000)
  eden space 254976K, 0% used [0x00000000d5580000,0x00000000d5580000,0x00000000e4e80000)
  from space 19456K, 99% used [0x00000000e4e80000,0x00000000e617d898,0x00000000e6180000)
  to   space 22528K, 0% used [0x00000000e9500000,0x00000000e9500000,0x00000000eab00000)
 ParOldGen       total 193024K, used 48226K [0x0000000080000000, 0x000000008bc80000, 0x00000000d5580000)
  object space 193024K, 24% used [0x0000000080000000,0x0000000082f189e8,0x000000008bc80000)
 Metaspace       used 68259K, capacity 71714K, committed 71832K, reserved 1112064K
  class space    used 9382K, capacity 10079K, committed 10152K, reserved 1048576K
}
Event: 206.007 GC heap before
{Heap before GC invocations=15 (full 3):
 PSYoungGen      total 274432K, used 274410K [0x00000000d5580000, 0x00000000eab00000, 0x0000000100000000)
  eden space 254976K, 99% used [0x00000000d5580000,0x00000000e4e7d080,0x00000000e4e80000)
  from space 19456K, 99% used [0x00000000e4e80000,0x00000000e617d898,0x00000000e6180000)
  to   space 22528K, 0% used [0x00000000e9500000,0x00000000e9500000,0x00000000eab00000)
 ParOldGen       total 193024K, used 48226K [0x0000000080000000, 0x000000008bc80000, 0x00000000d5580000)
  object space 193024K, 24% used [0x0000000080000000,0x0000000082f189e8,0x000000008bc80000)
 Metaspace       used 78147K, capacity 82208K, committed 82456K, reserved 1120256K
  class space    used 10703K, capacity 11543K, committed 11560K, reserved 1048576K
Event: 206.035 GC heap after
Heap after GC invocations=15 (full 3):
 PSYoungGen      total 323584K, used 22265K [0x00000000d5580000, 0x00000000eac80000, 0x0000000100000000)
  eden space 301056K, 0% used [0x00000000d5580000,0x00000000d5580000,0x00000000e7b80000)
  from space 22528K, 98% used [0x00000000e9500000,0x00000000eaabe418,0x00000000eab00000)
  to   space 25088K, 0% used [0x00000000e7b80000,0x00000000e7b80000,0x00000000e9400000)
 ParOldGen       total 193024K, used 61395K [0x0000000080000000, 0x000000008bc80000, 0x00000000d5580000)
  object space 193024K, 31% used [0x0000000080000000,0x0000000083bf4f28,0x000000008bc80000)
 Metaspace       used 78147K, capacity 82208K, committed 82456K, reserved 1120256K
  class space    used 10703K, capacity 11543K, committed 11560K, reserved 1048576K
}
Event: 233.703 GC heap before
{Heap before GC invocations=16 (full 3):
 PSYoungGen      total 323584K, used 323321K [0x00000000d5580000, 0x00000000eac80000, 0x0000000100000000)
  eden space 301056K, 100% used [0x00000000d5580000,0x00000000e7b80000,0x00000000e7b80000)
  from space 22528K, 98% used [0x00000000e9500000,0x00000000eaabe418,0x00000000eab00000)
  to   space 25088K, 0% used [0x00000000e7b80000,0x00000000e7b80000,0x00000000e9400000)
 ParOldGen       total 193024K, used 61395K [0x0000000080000000, 0x000000008bc80000, 0x00000000d5580000)
  object space 193024K, 31% used [0x0000000080000000,0x0000000083bf4f28,0x000000008bc80000)
 Metaspace       used 84712K, capacity 89344K, committed 89624K, reserved 1126400K
  class space    used 11318K, capacity 12256K, committed 12328K, reserved 1048576K
Event: 233.727 GC heap after
Heap after GC invocations=16 (full 3):
 PSYoungGen      total 326144K, used 25058K [0x00000000d5580000, 0x00000000ee500000, 0x0000000100000000)
  eden space 301056K, 0% used [0x00000000d5580000,0x00000000d5580000,0x00000000e7b80000)
  from space 25088K, 99% used [0x00000000e7b80000,0x00000000e93f8aa0,0x00000000e9400000)
  to   space 31744K, 0% used [0x00000000ec600000,0x00000000ec600000,0x00000000ee500000)
 ParOldGen       total 193024K, used 70468K [0x0000000080000000, 0x000000008bc80000, 0x00000000d5580000)
  object space 193024K, 36% used [0x0000000080000000,0x00000000844d1310,0x000000008bc80000)
 Metaspace       used 84712K, capacity 89344K, committed 89624K, reserved 1126400K
  class space    used 11318K, capacity 12256K, committed 12328K, reserved 1048576K
}
Event: 262.157 GC heap before
{Heap before GC invocations=17 (full 3):
 PSYoungGen      total 326144K, used 283058K [0x00000000d5580000, 0x00000000ee500000, 0x0000000100000000)
  eden space 301056K, 85% used [0x00000000d5580000,0x00000000e5173ea0,0x00000000e7b80000)
  from space 25088K, 99% used [0x00000000e7b80000,0x00000000e93f8aa0,0x00000000e9400000)
  to   space 31744K, 0% used [0x00000000ec600000,0x00000000ec600000,0x00000000ee500000)
 ParOldGen       total 193024K, used 70468K [0x0000000080000000, 0x000000008bc80000, 0x00000000d5580000)
  object space 193024K, 36% used [0x0000000080000000,0x00000000844d1310,0x000000008bc80000)
 Metaspace       used 93543K, capacity 98542K, committed 98600K, reserved 1134592K
  class space    used 12440K, capacity 13453K, committed 13480K, reserved 1048576K
Event: 262.213 GC heap after
Heap after GC invocations=17 (full 3):
 PSYoungGen      total 364032K, used 21243K [0x00000000d5580000, 0x00000000edf00000, 0x0000000100000000)
  eden space 338432K, 0% used [0x00000000d5580000,0x00000000d5580000,0x00000000ea000000)
  from space 25600K, 82% used [0x00000000ec600000,0x00000000edabef00,0x00000000edf00000)
  to   space 32256K, 0% used [0x00000000ea000000,0x00000000ea000000,0x00000000ebf80000)
 ParOldGen       total 193024K, used 92682K [0x0000000080000000, 0x000000008bc80000, 0x00000000d5580000)
  object space 193024K, 48% used [0x0000000080000000,0x0000000085a82830,0x000000008bc80000)
 Metaspace       used 93543K, capacity 98542K, committed 98600K, reserved 1134592K
  class space    used 12440K, capacity 13453K, committed 13480K, reserved 1048576K
}
Event: 262.213 GC heap before
{Heap before GC invocations=18 (full 4):
 PSYoungGen      total 364032K, used 21243K [0x00000000d5580000, 0x00000000edf00000, 0x0000000100000000)
  eden space 338432K, 0% used [0x00000000d5580000,0x00000000d5580000,0x00000000ea000000)
  from space 25600K, 82% used [0x00000000ec600000,0x00000000edabef00,0x00000000edf00000)
  to   space 32256K, 0% used [0x00000000ea000000,0x00000000ea000000,0x00000000ebf80000)
 ParOldGen       total 193024K, used 92682K [0x0000000080000000, 0x000000008bc80000, 0x00000000d5580000)
  object space 193024K, 48% used [0x0000000080000000,0x0000000085a82830,0x000000008bc80000)
 Metaspace       used 93543K, capacity 98542K, committed 98600K, reserved 1134592K
  class space    used 12440K, capacity 13453K, committed 13480K, reserved 1048576K
Event: 262.523 GC heap after
Heap after GC invocations=18 (full 4):
 PSYoungGen      total 364032K, used 0K [0x00000000d5580000, 0x00000000edf00000, 0x0000000100000000)
  eden space 338432K, 0% used [0x00000000d5580000,0x00000000d5580000,0x00000000ea000000)
  from space 25600K, 0% used [0x00000000ec600000,0x00000000ec600000,0x00000000edf00000)
  to   space 32256K, 0% used [0x00000000ea000000,0x00000000ea000000,0x00000000ebf80000)
 ParOldGen       total 302592K, used 81235K [0x0000000080000000, 0x0000000092780000, 0x00000000d5580000)
  object space 302592K, 26% used [0x0000000080000000,0x0000000084f54eb0,0x0000000092780000)
 Metaspace       used 93190K, capacity 97524K, committed 98600K, reserved 1134592K
  class space    used 12324K, capacity 13248K, committed 13480K, reserved 1048576K
}

