# JRE version: OpenJDK Runtime Environment (8.0_242-b01) (build 1.8.0_242-release-1644-b01)
# Java VM: OpenJDK 64-Bit Server VM (25.242-b01 mixed mode windows-amd64 compressed oops)
Heap:
 PSYoungGen      total 343552K, used 56808K [0x00000000d5580000, 0x00000000eec80000, 0x0000000100000000)
  eden space 295424K, 6% used [0x00000000d5580000,0x00000000d6733e68,0x00000000e7600000)
  from space 48128K, 80% used [0x00000000eaa00000,0x00000000ecfc61a8,0x00000000ed900000)
  to   space 53248K, 0% used [0x00000000e7600000,0x00000000e7600000,0x00000000eaa00000)
 ParOldGen       total 327680K, used 68184K [0x0000000080000000, 0x0000000094000000, 0x00000000d5580000)
  object space 327680K, 20% used [0x0000000080000000,0x0000000084296268,0x0000000094000000)
 Metaspace       used 109141K, capacity 115022K, committed 115224K, reserved 1148928K
  class space    used 13668K, capacity 14793K, committed 14896K, reserved 1048576K
GC Heap History (10 events):
Event: 566.283 GC heap before
{Heap before GC invocations=26 (full 3):
 PSYoungGen      total 354304K, used 354208K [0x00000000d5580000, 0x00000000f1780000, 0x0000000100000000)
  eden space 323072K, 100% used [0x00000000d5580000,0x00000000e9100000,0x00000000e9100000)
  from space 31232K, 99% used [0x00000000ef900000,0x00000000f17680e0,0x00000000f1780000)
  to   space 52736K, 0% used [0x00000000eb080000,0x00000000eb080000,0x00000000ee400000)
 ParOldGen       total 207360K, used 82678K [0x0000000080000000, 0x000000008ca80000, 0x00000000d5580000)
  object space 207360K, 39% used [0x0000000080000000,0x00000000850bd9f8,0x000000008ca80000)
 Metaspace       used 86534K, capacity 90668K, committed 91032K, reserved 1128448K
  class space    used 11034K, capacity 11839K, committed 11952K, reserved 1048576K
Event: 566.304 GC heap after
Heap after GC invocations=26 (full 3):
 PSYoungGen      total 346112K, used 33192K [0x00000000d5580000, 0x00000000ef980000, 0x0000000100000000)
  eden space 312832K, 0% used [0x00000000d5580000,0x00000000d5580000,0x00000000e8700000)
  from space 33280K, 99% used [0x00000000eb080000,0x00000000ed0ea238,0x00000000ed100000)
  to   space 41472K, 0% used [0x00000000ed100000,0x00000000ed100000,0x00000000ef980000)
 ParOldGen       total 207360K, used 82686K [0x0000000080000000, 0x000000008ca80000, 0x00000000d5580000)
  object space 207360K, 39% used [0x0000000080000000,0x00000000850bf9f8,0x000000008ca80000)
 Metaspace       used 86534K, capacity 90668K, committed 91032K, reserved 1128448K
  class space    used 11034K, capacity 11839K, committed 11952K, reserved 1048576K
}
Event: 718.579 GC heap before
{Heap before GC invocations=27 (full 3):
 PSYoungGen      total 346112K, used 346024K [0x00000000d5580000, 0x00000000ef980000, 0x0000000100000000)
  eden space 312832K, 100% used [0x00000000d5580000,0x00000000e8700000,0x00000000e8700000)
  from space 33280K, 99% used [0x00000000eb080000,0x00000000ed0ea238,0x00000000ed100000)
  to   space 41472K, 0% used [0x00000000ed100000,0x00000000ed100000,0x00000000ef980000)
 ParOldGen       total 207360K, used 82686K [0x0000000080000000, 0x000000008ca80000, 0x00000000d5580000)
  object space 207360K, 39% used [0x0000000080000000,0x00000000850bf9f8,0x000000008ca80000)
 Metaspace       used 87517K, capacity 92548K, committed 92824K, reserved 1130496K
  class space    used 11190K, capacity 12105K, committed 12208K, reserved 1048576K
Event: 718.601 GC heap after
Heap after GC invocations=27 (full 3):
 PSYoungGen      total 334336K, used 31047K [0x00000000d5580000, 0x00000000eef80000, 0x0000000100000000)
  eden space 303104K, 0% used [0x00000000d5580000,0x00000000d5580000,0x00000000e7d80000)
  from space 31232K, 99% used [0x00000000ed100000,0x00000000eef51f70,0x00000000eef80000)
  to   space 52224K, 0% used [0x00000000e8980000,0x00000000e8980000,0x00000000ebc80000)
 ParOldGen       total 207360K, used 82694K [0x0000000080000000, 0x000000008ca80000, 0x00000000d5580000)
  object space 207360K, 39% used [0x0000000080000000,0x00000000850c19f8,0x000000008ca80000)
 Metaspace       used 87517K, capacity 92548K, committed 92824K, reserved 1130496K
  class space    used 11190K, capacity 12105K, committed 12208K, reserved 1048576K
}
Event: 738.573 GC heap before
{Heap before GC invocations=28 (full 3):
 PSYoungGen      total 334336K, used 254426K [0x00000000d5580000, 0x00000000eef80000, 0x0000000100000000)
  eden space 303104K, 73% used [0x00000000d5580000,0x00000000e2fa49c8,0x00000000e7d80000)
  from space 31232K, 99% used [0x00000000ed100000,0x00000000eef51f70,0x00000000eef80000)
  to   space 52224K, 0% used [0x00000000e8980000,0x00000000e8980000,0x00000000ebc80000)
 ParOldGen       total 207360K, used 82694K [0x0000000080000000, 0x000000008ca80000, 0x00000000d5580000)
  object space 207360K, 39% used [0x0000000080000000,0x00000000850c19f8,0x000000008ca80000)
 Metaspace       used 93208K, capacity 98366K, committed 98584K, reserved 1134592K
  class space    used 11762K, capacity 12735K, committed 12848K, reserved 1048576K
Event: 738.597 GC heap after
Heap after GC invocations=28 (full 3):
 PSYoungGen      total 326656K, used 33142K [0x00000000d5580000, 0x00000000ed900000, 0x0000000100000000)
  eden space 293376K, 0% used [0x00000000d5580000,0x00000000d5580000,0x00000000e7400000)
  from space 33280K, 99% used [0x00000000e8980000,0x00000000ea9dd9f8,0x00000000eaa00000)
  to   space 48128K, 0% used [0x00000000eaa00000,0x00000000eaa00000,0x00000000ed900000)
 ParOldGen       total 207360K, used 82702K [0x0000000080000000, 0x000000008ca80000, 0x00000000d5580000)
  object space 207360K, 39% used [0x0000000080000000,0x00000000850c39f8,0x000000008ca80000)
 Metaspace       used 93208K, capacity 98366K, committed 98584K, reserved 1134592K
  class space    used 11762K, capacity 12735K, committed 12848K, reserved 1048576K
}
Event: 738.597 GC heap before
{Heap before GC invocations=29 (full 4):
 PSYoungGen      total 326656K, used 33142K [0x00000000d5580000, 0x00000000ed900000, 0x0000000100000000)
  eden space 293376K, 0% used [0x00000000d5580000,0x00000000d5580000,0x00000000e7400000)
  from space 33280K, 99% used [0x00000000e8980000,0x00000000ea9dd9f8,0x00000000eaa00000)
  to   space 48128K, 0% used [0x00000000eaa00000,0x00000000eaa00000,0x00000000ed900000)
 ParOldGen       total 207360K, used 82702K [0x0000000080000000, 0x000000008ca80000, 0x00000000d5580000)
  object space 207360K, 39% used [0x0000000080000000,0x00000000850c39f8,0x000000008ca80000)
 Metaspace       used 93208K, capacity 98366K, committed 98584K, reserved 1134592K
  class space    used 11762K, capacity 12735K, committed 12848K, reserved 1048576K
Event: 738.856 GC heap after
Heap after GC invocations=29 (full 4):
 PSYoungGen      total 326656K, used 0K [0x00000000d5580000, 0x00000000ed900000, 0x0000000100000000)
  eden space 293376K, 0% used [0x00000000d5580000,0x00000000d5580000,0x00000000e7400000)
  from space 33280K, 0% used [0x00000000e8980000,0x00000000e8980000,0x00000000eaa00000)
  to   space 48128K, 0% used [0x00000000eaa00000,0x00000000eaa00000,0x00000000ed900000)
 ParOldGen       total 327680K, used 68176K [0x0000000080000000, 0x0000000094000000, 0x00000000d5580000)
  object space 327680K, 20% used [0x0000000080000000,0x0000000084294268,0x0000000094000000)
 Metaspace       used 93137K, capacity 98186K, committed 98584K, reserved 1134592K
  class space    used 11743K, capacity 12701K, committed 12848K, reserved 1048576K
}
Event: 746.168 GC heap before
{Heap before GC invocations=30 (full 4):
 PSYoungGen      total 326656K, used 293376K [0x00000000d5580000, 0x00000000ed900000, 0x0000000100000000)
  eden space 293376K, 100% used [0x00000000d5580000,0x00000000e7400000,0x00000000e7400000)
  from space 33280K, 0% used [0x00000000e8980000,0x00000000e8980000,0x00000000eaa00000)
  to   space 48128K, 0% used [0x00000000eaa00000,0x00000000eaa00000,0x00000000ed900000)
 ParOldGen       total 327680K, used 68176K [0x0000000080000000, 0x0000000094000000, 0x00000000d5580000)
  object space 327680K, 20% used [0x0000000080000000,0x0000000084294268,0x0000000094000000)
 Metaspace       used 108946K, capacity 114820K, committed 115096K, reserved 1148928K
  class space    used 13642K, capacity 14746K, committed 14768K, reserved 1048576K
Event: 746.197 GC heap after
Heap after GC invocations=30 (full 4):
 PSYoungGen      total 343552K, used 38680K [0x00000000d5580000, 0x00000000eec80000, 0x0000000100000000)
  eden space 295424K, 0% used [0x00000000d5580000,0x00000000d5580000,0x00000000e7600000)
  from space 48128K, 80% used [0x00000000eaa00000,0x00000000ecfc61a8,0x00000000ed900000)
  to   space 53248K, 0% used [0x00000000e7600000,0x00000000e7600000,0x00000000eaa00000)
 ParOldGen       total 327680K, used 68184K [0x0000000080000000, 0x0000000094000000, 0x00000000d5580000)
  object space 327680K, 20% used [0x0000000080000000,0x0000000084296268,0x0000000094000000)
 Metaspace       used 108946K, capacity 114820K, committed 115096K, reserved 1148928K
  class space    used 13642K, capacity 14746K, committed 14768K, reserved 1048576K
}

